[0m19:17:04.739965 [debug] [MainThread]: Sending event: {'category': 'dbt', 'action': 'invocation', 'label': 'start', 'context': [<snowplow_tracker.self_describing_json.SelfDescribingJson object at 0x0000021D9611DF10>, <snowplow_tracker.self_describing_json.SelfDescribingJson object at 0x0000021D96160090>, <snowplow_tracker.self_describing_json.SelfDescribingJson object at 0x0000021D9614FCD0>]}


============================== 19:17:04.814994 | af30a6e5-faf8-4976-81f8-62e11bc1f7f7 ==============================
[0m19:17:04.814994 [info ] [MainThread]: Running with dbt=1.10.13
[0m19:17:04.814994 [debug] [MainThread]: running dbt with arguments {'no_print': 'None', 'invocation_command': 'dbt init dbt', 'log_format': 'default', 'cache_selected_only': 'False', 'write_json': 'True', 'warn_error': 'None', 'log_path': 'logs', 'partial_parse': 'True', 'indirect_selection': 'eager', 'send_anonymous_usage_stats': 'True', 'static_parser': 'True', 'warn_error_options': 'WarnErrorOptionsV2(error=[], warn=[], silence=[])', 'fail_fast': 'False', 'version_check': 'True', 'use_experimental_parser': 'False', 'quiet': 'False', 'introspect': 'True', 'empty': 'None', 'log_cache_events': 'False', 'debug': 'False', 'profiles_dir': 'C:\\Users\\sammy\\.dbt', 'use_colors': 'True', 'printer_width': '80', 'target_path': 'None'}
[0m19:17:05.247836 [info ] [MainThread]: Creating dbt configuration folder at C:\Users\sammy\.dbt
[0m19:17:40.125079 [debug] [MainThread]: Starter project path: C:\Users\sammy\Projects\portfolio\weather_cheddr-weddr\.venv\Lib\site-packages\dbt\include\starter_project
[0m19:17:40.175323 [info ] [MainThread]: 
Your new dbt project "transform" was created!

For more information on how to configure the profiles.yml file,
please consult the dbt documentation here:

  https://docs.getdbt.com/docs/configure-your-profile

One more thing:

Need help? Don't hesitate to reach out to us via GitHub issues or on Slack:

  https://community.getdbt.com/

Happy modeling!

[0m19:17:40.175323 [info ] [MainThread]: Setting up your profile.
[0m19:17:40.182727 [error] [MainThread]: Encountered an error:
Runtime Error
  No adapters available. Learn how to install an adapter by going to https://docs.getdbt.com/docs/connect-adapters#install-using-the-cli
[0m19:17:40.182727 [debug] [MainThread]: Command `dbt init` failed at 19:17:40.182727 after 35.54 seconds
[0m19:17:40.182727 [debug] [MainThread]: Sending event: {'category': 'dbt', 'action': 'invocation', 'label': 'end', 'context': [<snowplow_tracker.self_describing_json.SelfDescribingJson object at 0x0000021D96187950>, <snowplow_tracker.self_describing_json.SelfDescribingJson object at 0x0000021D96187990>, <snowplow_tracker.self_describing_json.SelfDescribingJson object at 0x0000021D92CC8D50>]}
[0m19:17:40.182727 [debug] [MainThread]: Flushing usage events
[0m19:17:40.750095 [debug] [MainThread]: An error was encountered while trying to flush usage events
